<?xml version="1.0" encoding="UTF-8"?>
<!-- Generated by org.testng.reporters.JUnitReportReporter -->
<testsuite skipped="0" hostname="LAPTOP-UORTPMG3" name="com.tyss.flipkart.testscripts.IncreaseQuantityOfProduct" tests="1" failures="0" timestamp="2020-04-07T12:15:05 IST" time="42.672" errors="0">
  <testcase name="productQuantityInCart" time="42.672" classname="com.tyss.flipkart.testscripts.IncreaseQuantityOfProduct"/>
</testsuite> <!-- com.tyss.flipkart.testscripts.IncreaseQuantityOfProduct -->
