<?xml version="1.0" encoding="UTF-8"?>
<!-- Generated by org.testng.reporters.JUnitReportReporter -->
<testsuite skipped="0" hostname="LAPTOP-UORTPMG3" name="com.tyss.flipkart.testscripts.EditUserInfo" tests="1" failures="0" timestamp="2020-04-07T10:57:24 IST" time="5.849" errors="0">
  <testcase name="editUserInfo" time="5.849" classname="com.tyss.flipkart.testscripts.EditUserInfo"/>
</testsuite> <!-- com.tyss.flipkart.testscripts.EditUserInfo -->
