<?xml version="1.0" encoding="UTF-8"?>
<!-- Generated by org.testng.reporters.JUnitReportReporter -->
<testsuite skipped="0" hostname="LAPTOP-UORTPMG3" name="com.tyss.flipkart.testscripts.DeliveryPincodeChange" tests="1" failures="0" timestamp="2020-04-07T12:56:13 IST" time="19.946" errors="0">
  <testcase name="deliveryPincodeChange" time="19.946" classname="com.tyss.flipkart.testscripts.DeliveryPincodeChange"/>
</testsuite> <!-- com.tyss.flipkart.testscripts.DeliveryPincodeChange -->
